#
# There is insufficient memory for the Java Runtime Environment to continue.
# Native memory allocation (mmap) failed to map 65536 bytes for Failed to commit metaspace.
# Possible reasons:
#   The system is out of physical RAM or swap space
#   The process is running with CompressedOops enabled, and the Java Heap may be blocking the growth of the native heap
# Possible solutions:
#   Reduce memory load on the system
#   Increase physical memory or swap space
#   Check if swap backing store is full
#   Decrease Java heap size (-Xmx/-Xms)
#   Decrease number of Java threads
#   Decrease Java thread stack sizes (-Xss)
#   Set larger code cache with -XX:ReservedCodeCacheSize=
#   JVM is running with Unscaled Compressed Oops mode in which the Java heap is
#     placed in the first 4GB address space. The Java Heap base address is the
#     maximum limit for the native heap growth. Please use -XX:HeapBaseMinAddress
#     to set the Java Heap base and to place the Java Heap above 4GB virtual address.
# This output file may be truncated or incomplete.
#
#  Out of Memory Error (virtualSpaceNode.cpp:110), pid=11904, tid=7664
#
# JRE version: OpenJDK Runtime Environment Temurin-17.0.3+7 (17.0.3+7) (build 17.0.3+7)
# Java VM: OpenJDK 64-Bit Server VM Temurin-17.0.3+7 (17.0.3+7, mixed mode, tiered, compressed oops, compressed class ptrs, parallel gc, windows-amd64)
# No core dump will be written. Minidumps are not enabled by default on client versions of Windows
#

---------------  S U M M A R Y ------------

Command Line: --add-modules=ALL-SYSTEM --add-opens=java.base/java.util=ALL-UNNAMED --add-opens=java.base/java.lang=ALL-UNNAMED --add-opens=java.base/sun.nio.fs=ALL-UNNAMED -Declipse.application=org.eclipse.jdt.ls.core.id1 -Dosgi.bundles.defaultStartLevel=4 -Declipse.product=org.eclipse.jdt.ls.core.product -Djava.import.generatesMetadataFilesAtProjectRoot=false -Dfile.encoding=utf8 -DwatchParentProcess=false -XX:+UseParallelGC -XX:GCTimeRatio=4 -XX:AdaptiveSizePolicyWeight=90 -Dsun.zip.disableMemoryMapping=true -Xmx1G -Xms100m -javaagent:c:\Users\phong\.vscode\extensions\redhat.java-1.9.0-win32-x64\lombok\lombok-1.18.24.jar c:\Users\phong\.vscode\extensions\redhat.java-1.9.0-win32-x64\server\plugins\org.eclipse.equinox.launcher_1.6.400.v20210924-0641.jar -configuration c:\Users\phong\AppData\Roaming\Code\User\globalStorage\redhat.java\1.9.0\config_ss_win -data c:\Users\phong\AppData\Roaming\Code\User\workspaceStorage\c84b736f40044e27b9b294b675bdf389\redhat.java\ss_ws

Host: Intel(R) Core(TM) i5-3317U CPU @ 1.70GHz, 4 cores, 7G,  Windows 10 , 64 bit Build 19041 (10.0.19041.1889)
Time: Wed Aug 31 13:56:55 2022 SE Asia Standard Time elapsed time: 0.275646 seconds (0d 0h 0m 0s)

---------------  T H R E A D  ---------------

Current thread (0x000001fb86872f20):  JavaThread "main" [_thread_in_vm, id=7664, stack(0x00000077d5c00000,0x00000077d5d00000)]

Stack: [0x00000077d5c00000,0x00000077d5d00000]
Native frames: (J=compiled Java code, j=interpreted, Vv=VM code, C=native code)
V  [jvm.dll+0x675efa]
V  [jvm.dll+0x830a24]
V  [jvm.dll+0x8321ce]
V  [jvm.dll+0x832833]
V  [jvm.dll+0x2454b5]
V  [jvm.dll+0x82c9cb]
V  [jvm.dll+0x61ab26]
V  [jvm.dll+0x61ab8a]
V  [jvm.dll+0x61d3aa]
V  [jvm.dll+0x61b4c6]
V  [jvm.dll+0x23ae70]
V  [jvm.dll+0x1eab7d]
V  [jvm.dll+0x1e05b1]
V  [jvm.dll+0x53bb80]
V  [jvm.dll+0x1f0da7]
V  [jvm.dll+0x7aae5b]
V  [jvm.dll+0x7ac202]
V  [jvm.dll+0x7ac538]
V  [jvm.dll+0x23d79e]
V  [jvm.dll+0x23d9ef]
V  [jvm.dll+0x559208]
V  [jvm.dll+0x55c070]
V  [jvm.dll+0x382dc7]
V  [jvm.dll+0x38241f]
C  0x000001fb89519d62

Java frames: (J=compiled Java code, j=interpreted, Vv=VM code)
j  java.lang.System.initPhase2(ZZ)I+0 java.base
v  ~StubRoutines::call_stub

---------------  P R O C E S S  ---------------

Threads class SMR info:
_java_thread_list=0x000001fb9a6b4170, length=10, elements={
0x000001fb86872f20, 0x000001fb9a686760, 0x000001fb9a6874e0, 0x000001fb9a6ac140,
0x000001fb9a6acec0, 0x000001fb9a6adc40, 0x000001fb9a6b2530, 0x000001fb9a6b3120,
0x000001fb9a6c7bb0, 0x000001fb9a6fe200
}

Java Threads: ( => current thread )
=>0x000001fb86872f20 JavaThread "main" [_thread_in_vm, id=7664, stack(0x00000077d5c00000,0x00000077d5d00000)]
  0x000001fb9a686760 JavaThread "Reference Handler" daemon [_thread_blocked, id=656, stack(0x00000077d5f00000,0x00000077d6000000)]
  0x000001fb9a6874e0 JavaThread "Finalizer" daemon [_thread_blocked, id=5928, stack(0x00000077d6000000,0x00000077d6100000)]
  0x000001fb9a6ac140 JavaThread "Signal Dispatcher" daemon [_thread_blocked, id=2664, stack(0x00000077d6100000,0x00000077d6200000)]
  0x000001fb9a6acec0 JavaThread "Attach Listener" daemon [_thread_blocked, id=13072, stack(0x00000077d6200000,0x00000077d6300000)]
  0x000001fb9a6adc40 JavaThread "Service Thread" daemon [_thread_blocked, id=5808, stack(0x00000077d6300000,0x00000077d6400000)]
  0x000001fb9a6b2530 JavaThread "Monitor Deflation Thread" daemon [_thread_blocked, id=6692, stack(0x00000077d6400000,0x00000077d6500000)]
  0x000001fb9a6b3120 JavaThread "C2 CompilerThread0" daemon [_thread_blocked, id=7312, stack(0x00000077d6500000,0x00000077d6600000)]
  0x000001fb9a6c7bb0 JavaThread "C1 CompilerThread0" daemon [_thread_blocked, id=11932, stack(0x00000077d6600000,0x00000077d6700000)]
  0x000001fb9a6fe200 JavaThread "Sweeper thread" daemon [_thread_blocked, id=10076, stack(0x00000077d6700000,0x00000077d6800000)]

Other Threads:
  0x000001fb8694ebd0 VMThread "VM Thread" [stack: 0x00000077d5e00000,0x00000077d5f00000] [id=11900]
  0x000001fb86887bc0 GCTaskThread "GC Thread#0" [stack: 0x00000077d5d00000,0x00000077d5e00000] [id=8244]

Threads with active compile tasks:

VM state: not at safepoint (normal execution)

VM Mutex/Monitor currently owned by a thread:  ([mutex/lock_event])
[0x000001fb8686c530] Metaspace_lock - owner thread: 0x000001fb86872f20

Heap address: 0x00000000c0000000, size: 1024 MB, Compressed Oops mode: 32-bit

CDS archive(s) not mapped
Compressed class space mapped at: 0x0000000100000000-0x0000000140000000, reserved size: 1073741824
Narrow klass base: 0x0000000000000000, Narrow klass shift: 3, Narrow klass range: 0x140000000

GC Precious Log:
 CPUs: 4 total, 4 available
 Memory: 8077M
 Large Page Support: Disabled
 NUMA Support: Disabled
 Compressed Oops: Enabled (32-bit)
 Alignments: Space 512K, Generation 512K, Heap 2M
 Heap Min Capacity: 100M
 Heap Initial Capacity: 100M
 Heap Max Capacity: 1G
 Pre-touch: Disabled
 Parallel Workers: 4

Heap:
 PSYoungGen      total 29696K, used 1024K [0x00000000eab00000, 0x00000000ecc00000, 0x0000000100000000)
  eden space 25600K, 4% used [0x00000000eab00000,0x00000000eac00138,0x00000000ec400000)
  from space 4096K, 0% used [0x00000000ec800000,0x00000000ec800000,0x00000000ecc00000)
  to   space 4096K, 0% used [0x00000000ec400000,0x00000000ec400000,0x00000000ec800000)
 ParOldGen       total 68608K, used 0K [0x00000000c0000000, 0x00000000c4300000, 0x00000000eab00000)
  object space 68608K, 0% used [0x00000000c0000000,0x00000000c0000000,0x00000000c4300000)
 Metaspace       used 2240K, committed 2304K, reserved 1056768K
  class space    used 195K, committed 256K, reserved 1048576K

Card table byte_map: [0x000001fb86260000,0x000001fb86470000] _byte_map_base: 0x000001fb85c60000

Marking Bits: (ParMarkBitMap*) 0x00007ffc326f4b80
 Begin Bits: [0x000001fb98500000, 0x000001fb99500000)
 End Bits:   [0x000001fb99500000, 0x000001fb9a500000)

Polling page: 0x000001fb86050000

Metaspace:

Usage:
  Non-class:      2.00 MB used.
      Class:    195.18 KB used.
       Both:      2.19 MB used.

Virtual space:
  Non-class space:        8.00 MB reserved,       2.00 MB ( 25%) committed,  1 nodes.
      Class space:        1.00 GB reserved,     256.00 KB ( <1%) committed,  1 nodes.
             Both:        1.01 GB reserved,       2.25 MB ( <1%) committed. 

Chunk freelists:
   Non-Class:  0 bytes
       Class:  3.75 MB
        Both:  3.75 MB

MaxMetaspaceSize: unlimited
CompressedClassSpaceSize: 1.00 GB
Initial GC threshold: 21.00 MB
Current GC threshold: 21.00 MB
CDS: off
MetaspaceReclaimPolicy: balanced
 - commit_granule_bytes: 65536.
 - commit_granule_words: 8192.
 - virtual_space_node_default_size: 1048576.
 - enlarge_chunks_in_place: 1.
 - new_chunks_are_fully_committed: 0.
 - uncommit_free_chunks: 1.
 - use_allocation_guard: 0.
 - handle_deallocations: 1.


Internal statistics:

num_allocs_failed_limit: 0.
num_arena_births: 2.
num_arena_deaths: 0.
num_vsnodes_births: 2.
num_vsnodes_deaths: 0.
num_space_committed: 36.
num_space_uncommitted: 0.
num_chunks_returned_to_freelist: 0.
num_chunks_taken_from_freelist: 3.
num_chunk_merges: 0.
num_chunk_splits: 1.
num_chunks_enlarged: 0.
num_purges: 0.
num_inconsistent_stats: 0.

CodeHeap 'non-profiled nmethods': size=120000Kb used=0Kb max_used=0Kb free=120000Kb
 bounds [0x000001fb90fd0000, 0x000001fb91240000, 0x000001fb98500000]
CodeHeap 'profiled nmethods': size=120000Kb used=2Kb max_used=2Kb free=119998Kb
 bounds [0x000001fb89aa0000, 0x000001fb89d10000, 0x000001fb90fd0000]
CodeHeap 'non-nmethods': size=5760Kb used=1006Kb max_used=1017Kb free=4753Kb
 bounds [0x000001fb89500000, 0x000001fb89770000, 0x000001fb89aa0000]
 total_blobs=260 nmethods=2 adapters=174
 compilation: enabled
              stopped_count=0, restarted_count=0
 full_count=0

Compilation events (4 events):
Event: 0.266 Thread 0x000001fb9a6c7bb0    1       3       java.lang.String::isLatin1 (19 bytes)
Event: 0.267 Thread 0x000001fb9a6c7bb0 nmethod 1 0x000001fb89aa0010 code [0x000001fb89aa01a0, 0x000001fb89aa0318]
Event: 0.267 Thread 0x000001fb9a6c7bb0    2       3       java.lang.StringLatin1::hashCode (42 bytes)
Event: 0.267 Thread 0x000001fb9a6c7bb0 nmethod 2 0x000001fb89aa0390 code [0x000001fb89aa0520, 0x000001fb89aa06d8]

GC Heap History (0 events):
No events

Deoptimization events (0 events):
No events

Classes unloaded (0 events):
No events

Classes redefined (0 events):
No events

Internal exceptions (0 events):
No events

VM Operations (0 events):
No events

Events (20 events):
Event: 0.225 loading class java/util/Collections
Event: 0.226 loading class java/util/Collections done
Event: 0.226 loading class java/util/Collections$EmptySet
Event: 0.226 loading class java/util/Collections$EmptySet done
Event: 0.226 loading class java/util/Collections$EmptyList
Event: 0.226 loading class java/util/Collections$EmptyList done
Event: 0.226 loading class java/util/Collections$EmptyMap
Event: 0.226 loading class java/util/Collections$EmptyMap done
Event: 0.227 loading class java/lang/IllegalArgumentException
Event: 0.227 loading class java/lang/IllegalArgumentException done
Event: 0.227 Thread 0x000001fb9a6ac140 Thread added: 0x000001fb9a6ac140
Event: 0.227 Thread 0x000001fb9a6acec0 Thread added: 0x000001fb9a6acec0
Event: 0.227 Thread 0x000001fb9a6adc40 Thread added: 0x000001fb9a6adc40
Event: 0.227 Thread 0x000001fb9a6b2530 Thread added: 0x000001fb9a6b2530
Event: 0.227 Thread 0x000001fb9a6b3120 Thread added: 0x000001fb9a6b3120
Event: 0.241 Thread 0x000001fb9a6c7bb0 Thread added: 0x000001fb9a6c7bb0
Event: 0.261 Thread 0x000001fb9a6fe200 Thread added: 0x000001fb9a6fe200
Event: 0.266 loading class java/lang/invoke/MethodHandleStatics
Event: 0.266 loading class java/lang/invoke/MethodHandleStatics done
Event: 0.268 loading class jdk/internal/module/ModuleBootstrap


Dynamic libraries:
0x00007ff720c50000 - 0x00007ff720c5e000 	c:\Users\phong\.vscode\extensions\redhat.java-1.9.0-win32-x64\jre\17.0.3-win32-x86_64\bin\java.exe
0x00007ffc96890000 - 0x00007ffc96a88000 	C:\Windows\SYSTEM32\ntdll.dll
0x00007ffc95fd0000 - 0x00007ffc9608d000 	C:\Windows\System32\KERNEL32.DLL
0x00007ffc94440000 - 0x00007ffc9470e000 	C:\Windows\System32\KERNELBASE.dll
0x00007ffc94340000 - 0x00007ffc94440000 	C:\Windows\System32\ucrtbase.dll
0x00007ffc72ca0000 - 0x00007ffc72cb8000 	c:\Users\phong\.vscode\extensions\redhat.java-1.9.0-win32-x64\jre\17.0.3-win32-x86_64\bin\jli.dll
0x00007ffc948f0000 - 0x00007ffc94a90000 	C:\Windows\System32\USER32.dll
0x00007ffc94000000 - 0x00007ffc94022000 	C:\Windows\System32\win32u.dll
0x00007ffc96820000 - 0x00007ffc9684a000 	C:\Windows\System32\GDI32.dll
0x00007ffc947e0000 - 0x00007ffc948eb000 	C:\Windows\System32\gdi32full.dll
0x00007ffc94740000 - 0x00007ffc947dd000 	C:\Windows\System32\msvcp_win.dll
0x00007ffc72fd0000 - 0x00007ffc72fe9000 	c:\Users\phong\.vscode\extensions\redhat.java-1.9.0-win32-x64\jre\17.0.3-win32-x86_64\bin\VCRUNTIME140.dll
0x00007ffc7c310000 - 0x00007ffc7c5aa000 	C:\Windows\WinSxS\amd64_microsoft.windows.common-controls_6595b64144ccf1df_6.0.19041.1110_none_60b5254171f9507e\COMCTL32.dll
0x00007ffc966d0000 - 0x00007ffc9676e000 	C:\Windows\System32\msvcrt.dll
0x00007ffc95ec0000 - 0x00007ffc95ef0000 	C:\Windows\System32\IMM32.DLL
0x00007ffc7b630000 - 0x00007ffc7b63c000 	c:\Users\phong\.vscode\extensions\redhat.java-1.9.0-win32-x64\jre\17.0.3-win32-x86_64\bin\vcruntime140_1.dll
0x00007ffc5b180000 - 0x00007ffc5b211000 	c:\Users\phong\.vscode\extensions\redhat.java-1.9.0-win32-x64\jre\17.0.3-win32-x86_64\bin\msvcp140.dll
0x00007ffc31b70000 - 0x00007ffc327b8000 	c:\Users\phong\.vscode\extensions\redhat.java-1.9.0-win32-x64\jre\17.0.3-win32-x86_64\bin\server\jvm.dll
0x00007ffc955a0000 - 0x00007ffc9564e000 	C:\Windows\System32\ADVAPI32.dll
0x00007ffc96770000 - 0x00007ffc9680c000 	C:\Windows\System32\sechost.dll
0x00007ffc95d60000 - 0x00007ffc95e85000 	C:\Windows\System32\RPCRT4.dll
0x00007ffc95eb0000 - 0x00007ffc95eb8000 	C:\Windows\System32\PSAPI.DLL
0x00007ffc8f9c0000 - 0x00007ffc8f9c9000 	C:\Windows\SYSTEM32\WSOCK32.dll
0x00007ffc95f60000 - 0x00007ffc95fcb000 	C:\Windows\System32\WS2_32.dll
0x00007ffc86ee0000 - 0x00007ffc86f07000 	C:\Windows\SYSTEM32\WINMM.dll
0x00007ffc86730000 - 0x00007ffc8673a000 	C:\Windows\SYSTEM32\VERSION.dll
0x00007ffc91e70000 - 0x00007ffc91e82000 	C:\Windows\SYSTEM32\kernel.appcore.dll
0x00007ffc74d70000 - 0x00007ffc74d7a000 	c:\Users\phong\.vscode\extensions\redhat.java-1.9.0-win32-x64\jre\17.0.3-win32-x86_64\bin\jimage.dll
0x00007ffc86f10000 - 0x00007ffc870f4000 	C:\Windows\SYSTEM32\DBGHELP.DLL
0x00007ffc86de0000 - 0x00007ffc86e0c000 	C:\Windows\SYSTEM32\dbgcore.DLL
0x00007ffc94030000 - 0x00007ffc940b2000 	C:\Windows\System32\bcryptPrimitives.dll
0x00007ffc74510000 - 0x00007ffc7451e000 	c:\Users\phong\.vscode\extensions\redhat.java-1.9.0-win32-x64\jre\17.0.3-win32-x86_64\bin\instrument.dll
0x00007ffc619e0000 - 0x00007ffc61a05000 	c:\Users\phong\.vscode\extensions\redhat.java-1.9.0-win32-x64\jre\17.0.3-win32-x86_64\bin\java.dll
0x00007ffc72c30000 - 0x00007ffc72c48000 	c:\Users\phong\.vscode\extensions\redhat.java-1.9.0-win32-x64\jre\17.0.3-win32-x86_64\bin\zip.dll
0x00007ffc94b40000 - 0x00007ffc95284000 	C:\Windows\System32\SHELL32.dll
0x00007ffc92070000 - 0x00007ffc92804000 	C:\Windows\SYSTEM32\windows.storage.dll
0x00007ffc962f0000 - 0x00007ffc96644000 	C:\Windows\System32\combase.dll
0x00007ffc93940000 - 0x00007ffc93970000 	C:\Windows\SYSTEM32\Wldp.dll
0x00007ffc95420000 - 0x00007ffc954cd000 	C:\Windows\System32\SHCORE.dll
0x00007ffc96290000 - 0x00007ffc962e5000 	C:\Windows\System32\shlwapi.dll
0x00007ffc93ef0000 - 0x00007ffc93f0f000 	C:\Windows\SYSTEM32\profapi.dll

dbghelp: loaded successfully - version: 4.0.5 - missing functions: none
symbol engine: initialized successfully - sym options: 0x614 - pdb path: .;c:\Users\phong\.vscode\extensions\redhat.java-1.9.0-win32-x64\jre\17.0.3-win32-x86_64\bin;C:\Windows\SYSTEM32;C:\Windows\WinSxS\amd64_microsoft.windows.common-controls_6595b64144ccf1df_6.0.19041.1110_none_60b5254171f9507e;c:\Users\phong\.vscode\extensions\redhat.java-1.9.0-win32-x64\jre\17.0.3-win32-x86_64\bin\server

VM Arguments:
jvm_args: --add-modules=ALL-SYSTEM --add-opens=java.base/java.util=ALL-UNNAMED --add-opens=java.base/java.lang=ALL-UNNAMED --add-opens=java.base/sun.nio.fs=ALL-UNNAMED -Declipse.application=org.eclipse.jdt.ls.core.id1 -Dosgi.bundles.defaultStartLevel=4 -Declipse.product=org.eclipse.jdt.ls.core.product -Djava.import.generatesMetadataFilesAtProjectRoot=false -Dfile.encoding=utf8 -DwatchParentProcess=false -XX:+UseParallelGC -XX:GCTimeRatio=4 -XX:AdaptiveSizePolicyWeight=90 -Dsun.zip.disableMemoryMapping=true -Xmx1G -Xms100m -javaagent:c:\Users\phong\.vscode\extensions\redhat.java-1.9.0-win32-x64\lombok\lombok-1.18.24.jar 
java_command: c:\Users\phong\.vscode\extensions\redhat.java-1.9.0-win32-x64\server\plugins\org.eclipse.equinox.launcher_1.6.400.v20210924-0641.jar -configuration c:\Users\phong\AppData\Roaming\Code\User\globalStorage\redhat.java\1.9.0\config_ss_win -data c:\Users\phong\AppData\Roaming\Code\User\workspaceStorage\c84b736f40044e27b9b294b675bdf389\redhat.java\ss_ws
java_class_path (initial): c:\Users\phong\.vscode\extensions\redhat.java-1.9.0-win32-x64\server\plugins\org.eclipse.equinox.launcher_1.6.400.v20210924-0641.jar
Launcher Type: SUN_STANDARD

[Global flags]
    uintx AdaptiveSizePolicyWeight                 = 90                                        {product} {command line}
     intx CICompilerCount                          = 3                                         {product} {ergonomic}
    uintx GCTimeRatio                              = 4                                         {product} {command line}
   size_t InitialHeapSize                          = 104857600                                 {product} {command line}
   size_t MaxHeapSize                              = 1073741824                                {product} {command line}
   size_t MaxNewSize                               = 357564416                                 {product} {ergonomic}
   size_t MinHeapDeltaBytes                        = 524288                                    {product} {ergonomic}
   size_t MinHeapSize                              = 104857600                                 {product} {command line}
   size_t NewSize                                  = 34603008                                  {product} {ergonomic}
    uintx NonNMethodCodeHeapSize                   = 5832780                                {pd product} {ergonomic}
    uintx NonProfiledCodeHeapSize                  = 122912730                              {pd product} {ergonomic}
   size_t OldSize                                  = 70254592                                  {product} {ergonomic}
    uintx ProfiledCodeHeapSize                     = 122912730                              {pd product} {ergonomic}
    uintx ReservedCodeCacheSize                    = 251658240                              {pd product} {ergonomic}
     bool SegmentedCodeCache                       = true                                      {product} {ergonomic}
   size_t SoftMaxHeapSize                          = 1073741824                             {manageable} {ergonomic}
     bool UseCompressedClassPointers               = true                           {product lp64_product} {ergonomic}
     bool UseCompressedOops                        = true                           {product lp64_product} {ergonomic}
     bool UseLargePagesIndividualAllocation        = false                                  {pd product} {ergonomic}
     bool UseParallelGC                            = true                                      {product} {command line}

Logging:
Log output configuration:
 #0: stdout all=warning uptime,level,tags
 #1: stderr all=off uptime,level,tags

Environment Variables:
PATH=C:\Program Files (x86)\Common Files\Oracle\Java\javapath;C:\ProgramData\Oracle\Java\javapath;C:\Windows\system32;C:\Windows;C:\Windows\System32\Wbem;C:\Windows\System32\WindowsPowerShell\v1.0\;C:\Windows\System32\OpenSSH\;C:\MinGW\bin;C:\Program Files\Git\cmd;C:\Program Files (x86)\dotnet\;C:\Program Files\Java\jdk1.8.0_45\bin;C:\Program Files\nodejs\;C:\Program Files\Microsoft SQL Server\Client SDK\ODBC\170\Tools\Binn\;C:\Program Files (x86)\Microsoft SQL Server\150\Tools\Binn\;C:\Program Files\Microsoft SQL Server\150\Tools\Binn\;C:\Program Files\Microsoft SQL Server\150\DTS\Binn\;C:\Program Files\Docker\Docker\resources\bin;C:\ProgramData\DockerDesktop\version-bin;C:\Program Files\Cloudflare\Cloudflare WARP\;C:\Users\phong\AppData\Local\Programs\Python\Python310\Scripts\;C:\Users\phong\AppData\Local\Programs\Python\Python310\;C:\Users\phong\AppData\Local\Microsoft\WindowsApps;C:\Program Files\JetBrains\IntelliJ IDEA Community Edition 2022.2\bin;;C:\Users\phong\AppData\Local\Programs\Inno Setup 6;C:\php8;;C:\Program Files\JetBrains\IntelliJ IDEA 2022.1.3\bin;;C:\Users\phong\AppData\Roaming\npm;C:\Program Files\Azure Data Studio\bin;C:\Program Files\JetBrains\WebStorm 2022.2.1\bin;;C:\Users\phong\AppData\Local\Programs\Microsoft VS Code\bin
USERNAME=phong
OS=Windows_NT
PROCESSOR_IDENTIFIER=Intel64 Family 6 Model 58 Stepping 9, GenuineIntel



---------------  S Y S T E M  ---------------

OS:
 Windows 10 , 64 bit Build 19041 (10.0.19041.1889)
OS uptime: 0 days 2:30 hours
Hyper-V role detected

CPU: total 4 (initial active 4) (2 cores per cpu, 2 threads per core) family 6 model 58 stepping 9 microcode 0x21, cx8, cmov, fxsr, ht, mmx, sse, sse2, sse3, ssse3, sse4.1, sse4.2, popcnt, tsc, tscinvbit, avx, aes, erms, clmul, vzeroupper, clflush, hv

Memory: 4k page, system-wide physical 8077M (507M free)
TotalPageFile size 10125M (AvailPageFile size 7M)
current process WorkingSet (physical memory assigned to process): 22M, peak: 22M
current process commit charge ("private bytes"): 166M, peak: 166M

vm_info: OpenJDK 64-Bit Server VM (17.0.3+7) for windows-amd64 JRE (17.0.3+7), built on Apr 19 2022 16:55:35 by "" with MS VC++ 16.7 (VS2019)

END.
