#
# A fatal error has been detected by the Java Runtime Environment:
#
#  EXCEPTION_ACCESS_VIOLATION (0xc0000005) at pc=0x00007ffc74d71be1, pid=13460, tid=616
#
# JRE version:  (17.0.3+7) (build )
# Java VM: OpenJDK 64-Bit Server VM (17.0.3+7, mixed mode, sharing, tiered, unknown gc, windows-amd64)
# Problematic frame:
# C  [jimage.dll+0x1be1]
#
# No core dump will be written. Minidumps are not enabled by default on client versions of Windows
#
#

---------------  S U M M A R Y ------------

Command Line: 

Host: Intel(R) Core(TM) i5-3317U CPU @ 1.70GHz, 4 cores, 7G,  Windows 10 , 64 bit Build 19041 (10.0.19041.1889)
Time: Wed Aug 31 13:56:55 2022 SE Asia Standard Time elapsed time: 0.016072 seconds (0d 0h 0m 0s)

---------------  T H R E A D  ---------------

Current thread is native thread

Stack: [0x000000de46e00000,0x000000de46f00000],  sp=0x000000de46efd2f0,  free space=1012k
Native frames: (J=compiled Java code, j=interpreted, Vv=VM code, C=native code)
C  [jimage.dll+0x1be1]


siginfo: EXCEPTION_ACCESS_VIOLATION (0xc0000005), reading address 0x000000000000b1d0


Registers:
RAX=0x0000000000002c6d, RBX=0x000000de46efd3e1, RCX=0x00007ffc74d76000, RDX=0x0000000000002c6d
RSP=0x000000de46efd2f0, RBP=0x000000de46efd3e0, RSI=0x0000000000007183, RDI=0x000000de46efd3e0
R8 =0x00007ffc74d74288, R9 =0x000000000000001c, R10=0x00007ffc324a4600, R11=0x00007ffc74d76000
R12=0x0000000000000000, R13=0x0000029ea0a6c710, R14=0x000000de46efe450, R15=0x00007ffc324a4618
RIP=0x00007ffc74d71be1, EFLAGS=0x0000000000010246

Top of Stack: (sp=0x000000de46efd2f0)
0x000000de46efd2f0:   000000de46a04000 0000000000000003
0x000000de46efd300:   0000029ea0981788 000000de46efd460
0x000000de46efd310:   0000029ea0a79d40 00007ffc74d71d6f
0x000000de46efd320:   000000000000000b 0000029ea0a79d40
0x000000de46efd330:   000000de46efd381 000000de46efd460
0x000000de46efd340:   000000de46efd39c 000000de46efd398
0x000000de46efd350:   0000000000000070 ffffff21b9102adf
0x000000de46efd360:   000004b45f5814a7 0000000000000000
0x000000de46efd370:   0000029ea0981788 0000000300000020
0x000000de46efd380:   000078a7b0c52a7a 0000000300000002
0x000000de46efd390:   00007ffc324825a0 0000000000000017
0x000000de46efd3a0:   0000029ea0a79d40 000000de46efe450
0x000000de46efd3b0:   000000000000000b 00007ffc74d7264d
0x000000de46efd3c0:   0000000000000000 000000de46efd680
0x000000de46efd3d0:   000000de46efd4e0 00007ffc968ac3c8
0x000000de46efd3e0:   61622e6176616a2f 692f6b646a2f6573 

Instructions: (pc=0x00007ffc74d71be1)
0x00007ffc74d71ae1:   48 85 c9 74 1d 80 3d 23 45 00 00 00 74 06 48 8b
0x00007ffc74d71af1:   53 18 eb 04 48 8b 53 40 e8 ae 0e 00 00 48 83 63
0x00007ffc74d71b01:   48 00 8b 4b 0c 83 f9 ff 74 09 e8 e4 0c 00 00 83
0x00007ffc74d71b11:   4b 0c ff 48 8b 4b 70 48 85 c9 74 0f ba 10 00 00
0x00007ffc74d71b21:   00 e8 fd 0e 00 00 48 83 63 70 00 48 83 c4 20 5b
0x00007ffc74d71b31:   c3 cc cc 40 53 48 83 ec 20 48 8b d9 48 8d 0d dc
0x00007ffc74d71b41:   46 00 00 e8 b3 0c 00 00 83 6b 08 01 75 24 48 8b
0x00007ffc74d71b51:   d3 48 8d 0d bf 44 00 00 e8 22 08 00 00 48 8b cb
0x00007ffc74d71b61:   e8 de fe ff ff ba 78 00 00 00 48 8b cb e8 b1 0e
0x00007ffc74d71b71:   00 00 48 8d 0d a6 46 00 00 48 83 c4 20 5b e9 80
0x00007ffc74d71b81:   0c 00 00 48 89 5c 24 08 48 89 74 24 10 57 48 83
0x00007ffc74d71b91:   ec 20 41 8b f1 4d 8b c8 48 8b fa 4c 8b d9 4d 85
0x00007ffc74d71ba1:   c0 74 78 85 f6 74 74 44 8a 12 48 8d 5a 01 48 8b
0x00007ffc74d71bb1:   d3 b8 93 01 00 01 eb 12 69 c0 93 01 00 01 41 0f
0x00007ffc74d71bc1:   b6 ca 44 8a 12 33 c1 48 ff c2 45 84 d2 75 e9 4d
0x00007ffc74d71bd1:   8b 03 0f ba f0 1f 33 d2 49 8b cb f7 f6 48 63 c2
0x00007ffc74d71be1:   41 8b 14 81 41 ff 50 08 85 c0 7e 24 8a 0f eb 10
0x00007ffc74d71bf1:   69 c0 93 01 00 01 0f b6 c9 33 c1 8a 0b 48 ff c3
0x00007ffc74d71c01:   84 c9 75 ec 0f ba f0 1f 33 d2 f7 f6 8b c2 eb 0e
0x00007ffc74d71c11:   79 09 83 c9 ff 2b c8 8b c1 eb 03 83 c8 ff 48 8b
0x00007ffc74d71c21:   5c 24 30 48 8b 74 24 38 48 83 c4 20 5f c3 cc 48
0x00007ffc74d71c31:   89 5c 24 08 48 89 74 24 10 57 48 83 ec 20 48 8b
0x00007ffc74d71c41:   f1 48 8d 0d d7 45 00 00 e8 ae 0b 00 00 33 ff 39
0x00007ffc74d71c51:   3d c2 43 00 00 76 24 48 8b 05 c1 43 00 00 48 8b
0x00007ffc74d71c61:   d6 48 8b 1c f8 48 8b 0b e8 72 1e 00 00 85 c0 74
0x00007ffc74d71c71:   2b ff c7 3b 3d 9e 43 00 00 72 dc 33 db 48 8d 0d
0x00007ffc74d71c81:   9b 45 00 00 e8 7a 0b 00 00 48 8b 74 24 38 48 8b
0x00007ffc74d71c91:   c3 48 8b 5c 24 30 48 83 c4 20 5f c3 ff 43 08 eb
0x00007ffc74d71ca1:   dc cc cc 48 89 5c 24 08 48 89 74 24 10 57 48 83
0x00007ffc74d71cb1:   ec 20 48 8b d9 48 8b f2 48 8b 49 10 49 8b f8 8b
0x00007ffc74d71cc1:   53 30 48 8b 01 ff 50 20 4c 8b 43 50 48 8b d6 48
0x00007ffc74d71cd1:   8b 4b 10 44 8b c8 e8 a8 fe ff ff 83 f8 ff 74 38 



---------------  P R O C E S S  ---------------

VM state: not at safepoint (not fully initialized)

VM Mutex/Monitor currently owned by a thread: None

GC Precious Log:
<Not initialized>


Dynamic libraries:
0x00007ff720c50000 - 0x00007ff720c5e000 	c:\Users\phong\.vscode\extensions\redhat.java-1.9.0-win32-x64\jre\17.0.3-win32-x86_64\bin\java.exe
0x00007ffc96890000 - 0x00007ffc96a88000 	C:\Windows\SYSTEM32\ntdll.dll
0x00007ffc95fd0000 - 0x00007ffc9608d000 	C:\Windows\System32\KERNEL32.DLL
0x00007ffc94440000 - 0x00007ffc9470e000 	C:\Windows\System32\KERNELBASE.dll
0x00007ffc94340000 - 0x00007ffc94440000 	C:\Windows\System32\ucrtbase.dll
0x00007ffc72ca0000 - 0x00007ffc72cb8000 	c:\Users\phong\.vscode\extensions\redhat.java-1.9.0-win32-x64\jre\17.0.3-win32-x86_64\bin\jli.dll
0x00007ffc948f0000 - 0x00007ffc94a90000 	C:\Windows\System32\USER32.dll
0x00007ffc94000000 - 0x00007ffc94022000 	C:\Windows\System32\win32u.dll
0x00007ffc96820000 - 0x00007ffc9684a000 	C:\Windows\System32\GDI32.dll
0x00007ffc947e0000 - 0x00007ffc948eb000 	C:\Windows\System32\gdi32full.dll
0x00007ffc94740000 - 0x00007ffc947dd000 	C:\Windows\System32\msvcp_win.dll
0x00007ffc72fd0000 - 0x00007ffc72fe9000 	c:\Users\phong\.vscode\extensions\redhat.java-1.9.0-win32-x64\jre\17.0.3-win32-x86_64\bin\VCRUNTIME140.dll
0x00007ffc7c310000 - 0x00007ffc7c5aa000 	C:\Windows\WinSxS\amd64_microsoft.windows.common-controls_6595b64144ccf1df_6.0.19041.1110_none_60b5254171f9507e\COMCTL32.dll
0x00007ffc966d0000 - 0x00007ffc9676e000 	C:\Windows\System32\msvcrt.dll
0x00007ffc95ec0000 - 0x00007ffc95ef0000 	C:\Windows\System32\IMM32.DLL
0x00007ffc7b630000 - 0x00007ffc7b63c000 	c:\Users\phong\.vscode\extensions\redhat.java-1.9.0-win32-x64\jre\17.0.3-win32-x86_64\bin\vcruntime140_1.dll
0x00007ffc5b180000 - 0x00007ffc5b211000 	c:\Users\phong\.vscode\extensions\redhat.java-1.9.0-win32-x64\jre\17.0.3-win32-x86_64\bin\msvcp140.dll
0x00007ffc31b70000 - 0x00007ffc327b8000 	c:\Users\phong\.vscode\extensions\redhat.java-1.9.0-win32-x64\jre\17.0.3-win32-x86_64\bin\server\jvm.dll
0x00007ffc955a0000 - 0x00007ffc9564e000 	C:\Windows\System32\ADVAPI32.dll
0x00007ffc96770000 - 0x00007ffc9680c000 	C:\Windows\System32\sechost.dll
0x00007ffc95d60000 - 0x00007ffc95e85000 	C:\Windows\System32\RPCRT4.dll
0x00007ffc95eb0000 - 0x00007ffc95eb8000 	C:\Windows\System32\PSAPI.DLL
0x00007ffc8f9c0000 - 0x00007ffc8f9c9000 	C:\Windows\SYSTEM32\WSOCK32.dll
0x00007ffc95f60000 - 0x00007ffc95fcb000 	C:\Windows\System32\WS2_32.dll
0x00007ffc86ee0000 - 0x00007ffc86f07000 	C:\Windows\SYSTEM32\WINMM.dll
0x00007ffc86730000 - 0x00007ffc8673a000 	C:\Windows\SYSTEM32\VERSION.dll
0x00007ffc91e70000 - 0x00007ffc91e82000 	C:\Windows\SYSTEM32\kernel.appcore.dll
0x00007ffc74d70000 - 0x00007ffc74d7a000 	c:\Users\phong\.vscode\extensions\redhat.java-1.9.0-win32-x64\jre\17.0.3-win32-x86_64\bin\jimage.dll
0x00007ffc86f10000 - 0x00007ffc870f4000 	C:\Windows\SYSTEM32\DBGHELP.DLL
0x00007ffc86de0000 - 0x00007ffc86e0c000 	C:\Windows\SYSTEM32\dbgcore.DLL
0x00007ffc94030000 - 0x00007ffc940b2000 	C:\Windows\System32\bcryptPrimitives.dll

dbghelp: loaded successfully - version: 4.0.5 - missing functions: none
symbol engine: initialized successfully - sym options: 0x614 - pdb path: .;c:\Users\phong\.vscode\extensions\redhat.java-1.9.0-win32-x64\jre\17.0.3-win32-x86_64\bin;C:\Windows\SYSTEM32;C:\Windows\WinSxS\amd64_microsoft.windows.common-controls_6595b64144ccf1df_6.0.19041.1110_none_60b5254171f9507e;c:\Users\phong\.vscode\extensions\redhat.java-1.9.0-win32-x64\jre\17.0.3-win32-x86_64\bin\server

VM Arguments:
java_command: <unknown>
java_class_path (initial): <not set>
Launcher Type: SUN_STANDARD

[Global flags]
     bool UseLargePagesIndividualAllocation        = false                                  {pd product} {ergonomic}

Logging:
Log output configuration:
 #0: stdout all=warning uptime,level,tags
 #1: stderr all=off uptime,level,tags

Environment Variables:
PATH=C:\Program Files (x86)\Common Files\Oracle\Java\javapath;C:\ProgramData\Oracle\Java\javapath;C:\Windows\system32;C:\Windows;C:\Windows\System32\Wbem;C:\Windows\System32\WindowsPowerShell\v1.0\;C:\Windows\System32\OpenSSH\;C:\MinGW\bin;C:\Program Files\Git\cmd;C:\Program Files (x86)\dotnet\;C:\Program Files\Java\jdk1.8.0_45\bin;C:\Program Files\nodejs\;C:\Program Files\Microsoft SQL Server\Client SDK\ODBC\170\Tools\Binn\;C:\Program Files (x86)\Microsoft SQL Server\150\Tools\Binn\;C:\Program Files\Microsoft SQL Server\150\Tools\Binn\;C:\Program Files\Microsoft SQL Server\150\DTS\Binn\;C:\Program Files\Docker\Docker\resources\bin;C:\ProgramData\DockerDesktop\version-bin;C:\Program Files\Cloudflare\Cloudflare WARP\;C:\Users\phong\AppData\Local\Programs\Python\Python310\Scripts\;C:\Users\phong\AppData\Local\Programs\Python\Python310\;C:\Users\phong\AppData\Local\Microsoft\WindowsApps;C:\Program Files\JetBrains\IntelliJ IDEA Community Edition 2022.2\bin;;C:\Users\phong\AppData\Local\Programs\Inno Setup 6;C:\php8;;C:\Program Files\JetBrains\IntelliJ IDEA 2022.1.3\bin;;C:\Users\phong\AppData\Roaming\npm;C:\Program Files\Azure Data Studio\bin;C:\Program Files\JetBrains\WebStorm 2022.2.1\bin;;C:\Users\phong\AppData\Local\Programs\Microsoft VS Code\bin
USERNAME=phong
OS=Windows_NT
PROCESSOR_IDENTIFIER=Intel64 Family 6 Model 58 Stepping 9, GenuineIntel



---------------  S Y S T E M  ---------------

OS:
 Windows 10 , 64 bit Build 19041 (10.0.19041.1889)
OS uptime: 0 days 2:30 hours

CPU: total 4 (initial active 0) 

Memory: 4k page, system-wide physical 8077M (505M free)
TotalPageFile size 10125M (AvailPageFile size 2M)
current process WorkingSet (physical memory assigned to process): 6M, peak: 6M
current process commit charge ("private bytes"): 2M, peak: 2M

vm_info: OpenJDK 64-Bit Server VM (17.0.3+7) for windows-amd64 JRE (17.0.3+7), built on Apr 19 2022 16:55:35 by "" with MS VC++ 16.7 (VS2019)

END.
